<?xml version="1.0" encoding="UTF-8"?>
<testng-results ignored="0" total="2" passed="2" failed="0" skipped="0">
  <reporter-output>
    <line>
      <![CDATA[Google]]>
    </line>
    <line>
      <![CDATA[Google]]>
    </line>
  </reporter-output>
  <suite started-at="2023-09-11T21:12:15 IST" name="Suite" finished-at="2023-09-11T21:12:25 IST" duration-ms="9977">
    <groups>
    </groups>
    <test started-at="2023-09-11T21:12:15 IST" name="Test" finished-at="2023-09-11T21:12:25 IST" duration-ms="9977">
      <class name="script.DemoTest2">
        <test-method is-config="true" signature="preCondition(java.lang.String,java.lang.String,java.lang.String,java.lang.String,java.lang.String,java.lang.String)[pri:0, instance:script.DemoTest2@dd8ba08]" started-at="2023-09-11T21:12:21 IST" name="preCondition" finished-at="2023-09-11T21:12:25 IST" duration-ms="3865" status="PASS">
          <params>
            <param index="0">
              <value>
                <![CDATA[yes]]>
              </value>
            </param>
            <param index="1">
              <value>
                <![CDATA[http://localhost:4444]]>
              </value>
            </param>
            <param index="2">
              <value>
                <![CDATA[chrome]]>
              </value>
            </param>
            <param index="3">
              <value>
                <![CDATA[http://www.google.com]]>
              </value>
            </param>
            <param index="4">
              <value>
                <![CDATA[9]]>
              </value>
            </param>
            <param index="5">
              <value>
                <![CDATA[9]]>
              </value>
            </param>
          </params>
          <reporter-output>
          </reporter-output>
        </test-method> <!-- preCondition -->
        <test-method signature="testA()[pri:0, instance:script.DemoTest2@dd8ba08]" started-at="2023-09-11T21:12:25 IST" name="testA" finished-at="2023-09-11T21:12:25 IST" duration-ms="32" status="PASS">
          <reporter-output>
            <line>
              <![CDATA[Google]]>
            </line>
          </reporter-output>
        </test-method> <!-- testA -->
        <test-method is-config="true" signature="postCondition()[pri:0, instance:script.DemoTest2@dd8ba08]" started-at="2023-09-11T21:12:25 IST" name="postCondition" finished-at="2023-09-11T21:12:25 IST" duration-ms="309" status="PASS">
          <reporter-output>
          </reporter-output>
        </test-method> <!-- postCondition -->
      </class> <!-- script.DemoTest2 -->
      <class name="script.DemoTest">
        <test-method is-config="true" signature="preCondition(java.lang.String,java.lang.String,java.lang.String,java.lang.String,java.lang.String,java.lang.String)[pri:0, instance:script.DemoTest@5fdcaa40]" started-at="2023-09-11T21:12:15 IST" name="preCondition" finished-at="2023-09-11T21:12:21 IST" duration-ms="5321" status="PASS">
          <params>
            <param index="0">
              <value>
                <![CDATA[yes]]>
              </value>
            </param>
            <param index="1">
              <value>
                <![CDATA[http://localhost:4444]]>
              </value>
            </param>
            <param index="2">
              <value>
                <![CDATA[chrome]]>
              </value>
            </param>
            <param index="3">
              <value>
                <![CDATA[http://www.google.com]]>
              </value>
            </param>
            <param index="4">
              <value>
                <![CDATA[9]]>
              </value>
            </param>
            <param index="5">
              <value>
                <![CDATA[9]]>
              </value>
            </param>
          </params>
          <reporter-output>
          </reporter-output>
        </test-method> <!-- preCondition -->
        <test-method signature="testA()[pri:0, instance:script.DemoTest@5fdcaa40]" started-at="2023-09-11T21:12:21 IST" name="testA" finished-at="2023-09-11T21:12:21 IST" duration-ms="44" status="PASS">
          <reporter-output>
            <line>
              <![CDATA[Google]]>
            </line>
          </reporter-output>
        </test-method> <!-- testA -->
        <test-method is-config="true" signature="postCondition()[pri:0, instance:script.DemoTest@5fdcaa40]" started-at="2023-09-11T21:12:21 IST" name="postCondition" finished-at="2023-09-11T21:12:21 IST" duration-ms="334" status="PASS">
          <reporter-output>
          </reporter-output>
        </test-method> <!-- postCondition -->
      </class> <!-- script.DemoTest -->
    </test> <!-- Test -->
  </suite> <!-- Suite -->
</testng-results>
